<?xml version="1.0" encoding="UTF-8"?>
<testsuite xmlns:xsi="http://www.w3.org/2001/XMLSchema-instance" xsi:noNamespaceSchemaLocation="https://maven.apache.org/surefire/maven-surefire-plugin/xsd/surefire-test-report-3.0.xsd" version="3.0" name="com.azure.recipes.core.v2.HttpHeaderNameTest" time="1.006" tests="2" errors="0" skipped="0" failures="0">
  <properties>
    <property name="java.specification.version" value="22"/>
    <property name="sun.cpu.isalist" value="amd64"/>
    <property name="sun.jnu.encoding" value="Cp1252"/>
    <property name="java.class.path" value="C:\Users\laihn\IdeaProjects\azsdk-java-rewrite-recipes-fork\rewrite-java-core\target\test-classes;C:\Users\laihn\IdeaProjects\azsdk-java-rewrite-recipes-fork\rewrite-java-core\target\classes;C:\Users\laihn\.m2\repository\org\openrewrite\rewrite-java\8.32.1\rewrite-java-8.32.1.jar;C:\Users\laihn\.m2\repository\org\openrewrite\rewrite-core\8.32.0\rewrite-core-8.32.0.jar;C:\Users\laihn\.m2\repository\org\openrewrite\tools\jgit\1.2.0\jgit-1.2.0.jar;C:\Users\laihn\.m2\repository\com\googlecode\javaewah\JavaEWAH\1.1.13\JavaEWAH-1.1.13.jar;C:\Users\laihn\.m2\repository\com\fasterxml\jackson\module\jackson-module-parameter-names\2.16.1\jackson-module-parameter-names-2.16.1.jar;C:\Users\laihn\.m2\repository\org\openrewrite\tools\java-object-diff\1.0.1\java-object-diff-1.0.1.jar;C:\Users\laihn\.m2\repository\io\quarkus\gizmo\gizmo\1.0.11.Final\gizmo-1.0.11.Final.jar;C:\Users\laihn\.m2\repository\org\jboss\jandex\2.4.2.Final\jandex-2.4.2.Final.jar;C:\Users\laihn\.m2\repository\net\java\dev\jna\jna-platform\5.14.0\jna-platform-5.14.0.jar;C:\Users\laihn\.m2\repository\net\java\dev\jna\jna\5.14.0\jna-5.14.0.jar;C:\Users\laihn\.m2\repository\org\apache\commons\commons-compress\1.26.2\commons-compress-1.26.2.jar;C:\Users\laihn\.m2\repository\commons-codec\commons-codec\1.17.0\commons-codec-1.17.0.jar;C:\Users\laihn\.m2\repository\commons-io\commons-io\2.16.1\commons-io-2.16.1.jar;C:\Users\laihn\.m2\repository\org\yaml\snakeyaml\2.2\snakeyaml-2.2.jar;C:\Users\laihn\.m2\repository\org\openrewrite\rewrite-yaml\8.32.0\rewrite-yaml-8.32.0.jar;C:\Users\laihn\.m2\repository\org\openrewrite\rewrite-xml\8.32.0\rewrite-xml-8.32.0.jar;C:\Users\laihn\.m2\repository\io\micrometer\micrometer-core\1.9.17\micrometer-core-1.9.17.jar;C:\Users\laihn\.m2\repository\org\hdrhistogram\HdrHistogram\2.1.12\HdrHistogram-2.1.12.jar;C:\Users\laihn\.m2\repository\org\latencyutils\LatencyUtils\2.0.3\LatencyUtils-2.0.3.jar;C:\Users\laihn\.m2\repository\org\jetbrains\annotations\24.1.0\annotations-24.1.0.jar;C:\Users\laihn\.m2\repository\com\fasterxml\jackson\core\jackson-annotations\2.16.1\jackson-annotations-2.16.1.jar;C:\Users\laihn\.m2\repository\org\antlr\antlr4-runtime\4.11.1\antlr4-runtime-4.11.1.jar;C:\Users\laihn\.m2\repository\org\apache\commons\commons-lang3\3.15.0\commons-lang3-3.15.0.jar;C:\Users\laihn\.m2\repository\org\apache\commons\commons-text\1.12.0\commons-text-1.12.0.jar;C:\Users\laihn\.m2\repository\io\github\classgraph\classgraph\4.8.174\classgraph-4.8.174.jar;C:\Users\laihn\.m2\repository\org\xerial\snappy\snappy-java\1.1.10.5\snappy-java-1.1.10.5.jar;C:\Users\laihn\.m2\repository\io\github\fastfilter\fastfilter\1.0.2\fastfilter-1.0.2.jar;C:\Users\laihn\.m2\repository\org\ow2\asm\asm\9.7\asm-9.7.jar;C:\Users\laihn\.m2\repository\org\ow2\asm\asm-util\9.7\asm-util-9.7.jar;C:\Users\laihn\.m2\repository\org\ow2\asm\asm-tree\9.7\asm-tree-9.7.jar;C:\Users\laihn\.m2\repository\org\ow2\asm\asm-analysis\9.7\asm-analysis-9.7.jar;C:\Users\laihn\.m2\repository\org\openrewrite\rewrite-java-11\8.32.1\rewrite-java-11-8.32.1.jar;C:\Users\laihn\.m2\repository\org\openrewrite\rewrite-maven\8.32.1\rewrite-maven-8.32.1.jar;C:\Users\laihn\.m2\repository\com\github\ben-manes\caffeine\caffeine\2.9.3\caffeine-2.9.3.jar;C:\Users\laihn\.m2\repository\org\checkerframework\checker-qual\3.19.0\checker-qual-3.19.0.jar;C:\Users\laihn\.m2\repository\com\google\errorprone\error_prone_annotations\2.10.0\error_prone_annotations-2.10.0.jar;C:\Users\laihn\.m2\repository\dev\failsafe\failsafe\3.3.2\failsafe-3.3.2.jar;C:\Users\laihn\.m2\repository\com\fasterxml\jackson\dataformat\jackson-dataformat-xml\2.16.1\jackson-dataformat-xml-2.16.1.jar;C:\Users\laihn\.m2\repository\org\codehaus\woodstox\stax2-api\4.2.1\stax2-api-4.2.1.jar;C:\Users\laihn\.m2\repository\com\fasterxml\woodstox\woodstox-core\6.5.1\woodstox-core-6.5.1.jar;C:\Users\laihn\.m2\repository\com\fasterxml\jackson\module\jackson-module-jaxb-annotations\2.16.1\jackson-module-jaxb-annotations-2.16.1.jar;C:\Users\laihn\.m2\repository\jakarta\xml\bind\jakarta.xml.bind-api\2.3.3\jakarta.xml.bind-api-2.3.3.jar;C:\Users\laihn\.m2\repository\jakarta\activation\jakarta.activation-api\1.2.2\jakarta.activation-api-1.2.2.jar;C:\Users\laihn\.m2\repository\com\fasterxml\jackson\datatype\jackson-datatype-jdk8\2.16.1\jackson-datatype-jdk8-2.16.1.jar;C:\Users\laihn\.m2\repository\org\openrewrite\rewrite-properties\8.32.0\rewrite-properties-8.32.0.jar;C:\Users\laihn\.m2\repository\com\azure\azure-core\1.49.1\azure-core-1.49.1.jar;C:\Users\laihn\.m2\repository\com\azure\azure-json\1.1.0\azure-json-1.1.0.jar;C:\Users\laihn\.m2\repository\com\azure\azure-xml\1.0.0\azure-xml-1.0.0.jar;C:\Users\laihn\.m2\repository\com\fasterxml\jackson\core\jackson-databind\2.13.5\jackson-databind-2.13.5.jar;C:\Users\laihn\.m2\repository\com\fasterxml\jackson\datatype\jackson-datatype-jsr310\2.13.5\jackson-datatype-jsr310-2.13.5.jar;C:\Users\laihn\.m2\repository\org\slf4j\slf4j-api\1.7.36\slf4j-api-1.7.36.jar;C:\Users\laihn\.m2\repository\io\projectreactor\reactor-core\3.4.38\reactor-core-3.4.38.jar;C:\Users\laihn\.m2\repository\org\reactivestreams\reactive-streams\1.0.4\reactive-streams-1.0.4.jar;C:\Users\laihn\.m2\repository\org\openrewrite\rewrite-test\8.32.0\rewrite-test-8.32.0.jar;C:\Users\laihn\.m2\repository\org\junit\jupiter\junit-jupiter-params\5.11.0-M2\junit-jupiter-params-5.11.0-M2.jar;C:\Users\laihn\.m2\repository\com\fasterxml\jackson\dataformat\jackson-dataformat-csv\2.16.1\jackson-dataformat-csv-2.16.1.jar;C:\Users\laihn\.m2\repository\org\junit\jupiter\junit-jupiter-api\5.9.3\junit-jupiter-api-5.9.3.jar;C:\Users\laihn\.m2\repository\org\opentest4j\opentest4j\1.2.0\opentest4j-1.2.0.jar;C:\Users\laihn\.m2\repository\org\junit\platform\junit-platform-commons\1.9.3\junit-platform-commons-1.9.3.jar;C:\Users\laihn\.m2\repository\org\apiguardian\apiguardian-api\1.1.2\apiguardian-api-1.1.2.jar;C:\Users\laihn\.m2\repository\org\junit\jupiter\junit-jupiter-engine\5.9.3\junit-jupiter-engine-5.9.3.jar;C:\Users\laihn\.m2\repository\org\junit\platform\junit-platform-engine\1.9.3\junit-platform-engine-1.9.3.jar;C:\Users\laihn\.m2\repository\org\assertj\assertj-core\3.26.0\assertj-core-3.26.0.jar;C:\Users\laihn\.m2\repository\net\bytebuddy\byte-buddy\1.14.16\byte-buddy-1.14.16.jar;C:\Users\laihn\.m2\repository\com\fasterxml\jackson\core\jackson-core\2.15.0\jackson-core-2.15.0.jar;C:\Users\laihn\.m2\repository\com\fasterxml\jackson\dataformat\jackson-dataformat-smile\2.15.0\jackson-dataformat-smile-2.15.0.jar;C:\Users\laihn\.m2\repository\org\projectlombok\lombok\1.18.34\lombok-1.18.34.jar;C:\Users\laihn\.m2\repository\com\azure\azure-ai-translation-text\1.0.0-beta.1\azure-ai-translation-text-1.0.0-beta.1.jar;C:\Users\laihn\.m2\repository\com\azure\azure-core-experimental\1.0.0-beta.38\azure-core-experimental-1.0.0-beta.38.jar;C:\Users\laihn\.m2\repository\com\azure\azure-core-http-netty\1.13.2\azure-core-http-netty-1.13.2.jar;C:\Users\laihn\.m2\repository\io\netty\netty-handler\4.1.89.Final\netty-handler-4.1.89.Final.jar;C:\Users\laihn\.m2\repository\io\netty\netty-common\4.1.89.Final\netty-common-4.1.89.Final.jar;C:\Users\laihn\.m2\repository\io\netty\netty-resolver\4.1.89.Final\netty-resolver-4.1.89.Final.jar;C:\Users\laihn\.m2\repository\io\netty\netty-transport\4.1.89.Final\netty-transport-4.1.89.Final.jar;C:\Users\laihn\.m2\repository\io\netty\netty-handler-proxy\4.1.89.Final\netty-handler-proxy-4.1.89.Final.jar;C:\Users\laihn\.m2\repository\io\netty\netty-codec-socks\4.1.89.Final\netty-codec-socks-4.1.89.Final.jar;C:\Users\laihn\.m2\repository\io\netty\netty-buffer\4.1.89.Final\netty-buffer-4.1.89.Final.jar;C:\Users\laihn\.m2\repository\io\netty\netty-codec\4.1.89.Final\netty-codec-4.1.89.Final.jar;C:\Users\laihn\.m2\repository\io\netty\netty-codec-http\4.1.89.Final\netty-codec-http-4.1.89.Final.jar;C:\Users\laihn\.m2\repository\io\netty\netty-codec-http2\4.1.89.Final\netty-codec-http2-4.1.89.Final.jar;C:\Users\laihn\.m2\repository\io\netty\netty-transport-native-unix-common\4.1.89.Final\netty-transport-native-unix-common-4.1.89.Final.jar;C:\Users\laihn\.m2\repository\io\netty\netty-transport-native-epoll\4.1.89.Final\netty-transport-native-epoll-4.1.89.Final-linux-x86_64.jar;C:\Users\laihn\.m2\repository\io\netty\netty-transport-classes-epoll\4.1.89.Final\netty-transport-classes-epoll-4.1.89.Final.jar;C:\Users\laihn\.m2\repository\io\netty\netty-transport-native-kqueue\4.1.89.Final\netty-transport-native-kqueue-4.1.89.Final-osx-x86_64.jar;C:\Users\laihn\.m2\repository\io\netty\netty-transport-classes-kqueue\4.1.89.Final\netty-transport-classes-kqueue-4.1.89.Final.jar;C:\Users\laihn\.m2\repository\io\netty\netty-tcnative-boringssl-static\2.0.56.Final\netty-tcnative-boringssl-static-2.0.56.Final.jar;C:\Users\laihn\.m2\repository\io\netty\netty-tcnative-classes\2.0.56.Final\netty-tcnative-classes-2.0.56.Final.jar;C:\Users\laihn\.m2\repository\io\netty\netty-tcnative-boringssl-static\2.0.56.Final\netty-tcnative-boringssl-static-2.0.56.Final-linux-x86_64.jar;C:\Users\laihn\.m2\repository\io\netty\netty-tcnative-boringssl-static\2.0.56.Final\netty-tcnative-boringssl-static-2.0.56.Final-linux-aarch_64.jar;C:\Users\laihn\.m2\repository\io\netty\netty-tcnative-boringssl-static\2.0.56.Final\netty-tcnative-boringssl-static-2.0.56.Final-osx-x86_64.jar;C:\Users\laihn\.m2\repository\io\netty\netty-tcnative-boringssl-static\2.0.56.Final\netty-tcnative-boringssl-static-2.0.56.Final-osx-aarch_64.jar;C:\Users\laihn\.m2\repository\io\netty\netty-tcnative-boringssl-static\2.0.56.Final\netty-tcnative-boringssl-static-2.0.56.Final-windows-x86_64.jar;C:\Users\laihn\.m2\repository\io\projectreactor\netty\reactor-netty-http\1.0.28\reactor-netty-http-1.0.28.jar;C:\Users\laihn\.m2\repository\io\netty\netty-resolver-dns\4.1.89.Final\netty-resolver-dns-4.1.89.Final.jar;C:\Users\laihn\.m2\repository\io\netty\netty-codec-dns\4.1.89.Final\netty-codec-dns-4.1.89.Final.jar;C:\Users\laihn\.m2\repository\io\netty\netty-resolver-dns-native-macos\4.1.89.Final\netty-resolver-dns-native-macos-4.1.89.Final-osx-x86_64.jar;C:\Users\laihn\.m2\repository\io\netty\netty-resolver-dns-classes-macos\4.1.89.Final\netty-resolver-dns-classes-macos-4.1.89.Final.jar;C:\Users\laihn\.m2\repository\io\projectreactor\netty\reactor-netty-core\1.0.28\reactor-netty-core-1.0.28.jar;"/>
    <property name="java.vm.vendor" value="Oracle Corporation"/>
    <property name="sun.arch.data.model" value="64"/>
    <property name="user.variant" value=""/>
    <property name="java.vendor.url" value="https://java.oracle.com/"/>
    <property name="user.timezone" value="Europe/Berlin"/>
    <property name="user.country.format" value="DE"/>
    <property name="os.name" value="Windows 11"/>
    <property name="java.vm.specification.version" value="22"/>
    <property name="sun.java.launcher" value="SUN_STANDARD"/>
    <property name="user.country" value="GB"/>
    <property name="sun.boot.library.path" value="C:\Program Files\Java\jdk-22\bin"/>
    <property name="sun.java.command" value="C:\Users\laihn\AppData\Local\Temp\surefire7547367440243861677\surefirebooter-20241019123351479_3.jar C:\Users\laihn\AppData\Local\Temp\surefire7547367440243861677 2024-10-19T12-33-51_316-jvmRun1 surefire-20241019123351479_1tmp surefire_0-20241019123351479_2tmp"/>
    <property name="jdk.debug" value="release"/>
    <property name="surefire.test.class.path" value="C:\Users\laihn\IdeaProjects\azsdk-java-rewrite-recipes-fork\rewrite-java-core\target\test-classes;C:\Users\laihn\IdeaProjects\azsdk-java-rewrite-recipes-fork\rewrite-java-core\target\classes;C:\Users\laihn\.m2\repository\org\openrewrite\rewrite-java\8.32.1\rewrite-java-8.32.1.jar;C:\Users\laihn\.m2\repository\org\openrewrite\rewrite-core\8.32.0\rewrite-core-8.32.0.jar;C:\Users\laihn\.m2\repository\org\openrewrite\tools\jgit\1.2.0\jgit-1.2.0.jar;C:\Users\laihn\.m2\repository\com\googlecode\javaewah\JavaEWAH\1.1.13\JavaEWAH-1.1.13.jar;C:\Users\laihn\.m2\repository\com\fasterxml\jackson\module\jackson-module-parameter-names\2.16.1\jackson-module-parameter-names-2.16.1.jar;C:\Users\laihn\.m2\repository\org\openrewrite\tools\java-object-diff\1.0.1\java-object-diff-1.0.1.jar;C:\Users\laihn\.m2\repository\io\quarkus\gizmo\gizmo\1.0.11.Final\gizmo-1.0.11.Final.jar;C:\Users\laihn\.m2\repository\org\jboss\jandex\2.4.2.Final\jandex-2.4.2.Final.jar;C:\Users\laihn\.m2\repository\net\java\dev\jna\jna-platform\5.14.0\jna-platform-5.14.0.jar;C:\Users\laihn\.m2\repository\net\java\dev\jna\jna\5.14.0\jna-5.14.0.jar;C:\Users\laihn\.m2\repository\org\apache\commons\commons-compress\1.26.2\commons-compress-1.26.2.jar;C:\Users\laihn\.m2\repository\commons-codec\commons-codec\1.17.0\commons-codec-1.17.0.jar;C:\Users\laihn\.m2\repository\commons-io\commons-io\2.16.1\commons-io-2.16.1.jar;C:\Users\laihn\.m2\repository\org\yaml\snakeyaml\2.2\snakeyaml-2.2.jar;C:\Users\laihn\.m2\repository\org\openrewrite\rewrite-yaml\8.32.0\rewrite-yaml-8.32.0.jar;C:\Users\laihn\.m2\repository\org\openrewrite\rewrite-xml\8.32.0\rewrite-xml-8.32.0.jar;C:\Users\laihn\.m2\repository\io\micrometer\micrometer-core\1.9.17\micrometer-core-1.9.17.jar;C:\Users\laihn\.m2\repository\org\hdrhistogram\HdrHistogram\2.1.12\HdrHistogram-2.1.12.jar;C:\Users\laihn\.m2\repository\org\latencyutils\LatencyUtils\2.0.3\LatencyUtils-2.0.3.jar;C:\Users\laihn\.m2\repository\org\jetbrains\annotations\24.1.0\annotations-24.1.0.jar;C:\Users\laihn\.m2\repository\com\fasterxml\jackson\core\jackson-annotations\2.16.1\jackson-annotations-2.16.1.jar;C:\Users\laihn\.m2\repository\org\antlr\antlr4-runtime\4.11.1\antlr4-runtime-4.11.1.jar;C:\Users\laihn\.m2\repository\org\apache\commons\commons-lang3\3.15.0\commons-lang3-3.15.0.jar;C:\Users\laihn\.m2\repository\org\apache\commons\commons-text\1.12.0\commons-text-1.12.0.jar;C:\Users\laihn\.m2\repository\io\github\classgraph\classgraph\4.8.174\classgraph-4.8.174.jar;C:\Users\laihn\.m2\repository\org\xerial\snappy\snappy-java\1.1.10.5\snappy-java-1.1.10.5.jar;C:\Users\laihn\.m2\repository\io\github\fastfilter\fastfilter\1.0.2\fastfilter-1.0.2.jar;C:\Users\laihn\.m2\repository\org\ow2\asm\asm\9.7\asm-9.7.jar;C:\Users\laihn\.m2\repository\org\ow2\asm\asm-util\9.7\asm-util-9.7.jar;C:\Users\laihn\.m2\repository\org\ow2\asm\asm-tree\9.7\asm-tree-9.7.jar;C:\Users\laihn\.m2\repository\org\ow2\asm\asm-analysis\9.7\asm-analysis-9.7.jar;C:\Users\laihn\.m2\repository\org\openrewrite\rewrite-java-11\8.32.1\rewrite-java-11-8.32.1.jar;C:\Users\laihn\.m2\repository\org\openrewrite\rewrite-maven\8.32.1\rewrite-maven-8.32.1.jar;C:\Users\laihn\.m2\repository\com\github\ben-manes\caffeine\caffeine\2.9.3\caffeine-2.9.3.jar;C:\Users\laihn\.m2\repository\org\checkerframework\checker-qual\3.19.0\checker-qual-3.19.0.jar;C:\Users\laihn\.m2\repository\com\google\errorprone\error_prone_annotations\2.10.0\error_prone_annotations-2.10.0.jar;C:\Users\laihn\.m2\repository\dev\failsafe\failsafe\3.3.2\failsafe-3.3.2.jar;C:\Users\laihn\.m2\repository\com\fasterxml\jackson\dataformat\jackson-dataformat-xml\2.16.1\jackson-dataformat-xml-2.16.1.jar;C:\Users\laihn\.m2\repository\org\codehaus\woodstox\stax2-api\4.2.1\stax2-api-4.2.1.jar;C:\Users\laihn\.m2\repository\com\fasterxml\woodstox\woodstox-core\6.5.1\woodstox-core-6.5.1.jar;C:\Users\laihn\.m2\repository\com\fasterxml\jackson\module\jackson-module-jaxb-annotations\2.16.1\jackson-module-jaxb-annotations-2.16.1.jar;C:\Users\laihn\.m2\repository\jakarta\xml\bind\jakarta.xml.bind-api\2.3.3\jakarta.xml.bind-api-2.3.3.jar;C:\Users\laihn\.m2\repository\jakarta\activation\jakarta.activation-api\1.2.2\jakarta.activation-api-1.2.2.jar;C:\Users\laihn\.m2\repository\com\fasterxml\jackson\datatype\jackson-datatype-jdk8\2.16.1\jackson-datatype-jdk8-2.16.1.jar;C:\Users\laihn\.m2\repository\org\openrewrite\rewrite-properties\8.32.0\rewrite-properties-8.32.0.jar;C:\Users\laihn\.m2\repository\com\azure\azure-core\1.49.1\azure-core-1.49.1.jar;C:\Users\laihn\.m2\repository\com\azure\azure-json\1.1.0\azure-json-1.1.0.jar;C:\Users\laihn\.m2\repository\com\azure\azure-xml\1.0.0\azure-xml-1.0.0.jar;C:\Users\laihn\.m2\repository\com\fasterxml\jackson\core\jackson-databind\2.13.5\jackson-databind-2.13.5.jar;C:\Users\laihn\.m2\repository\com\fasterxml\jackson\datatype\jackson-datatype-jsr310\2.13.5\jackson-datatype-jsr310-2.13.5.jar;C:\Users\laihn\.m2\repository\org\slf4j\slf4j-api\1.7.36\slf4j-api-1.7.36.jar;C:\Users\laihn\.m2\repository\io\projectreactor\reactor-core\3.4.38\reactor-core-3.4.38.jar;C:\Users\laihn\.m2\repository\org\reactivestreams\reactive-streams\1.0.4\reactive-streams-1.0.4.jar;C:\Users\laihn\.m2\repository\org\openrewrite\rewrite-test\8.32.0\rewrite-test-8.32.0.jar;C:\Users\laihn\.m2\repository\org\junit\jupiter\junit-jupiter-params\5.11.0-M2\junit-jupiter-params-5.11.0-M2.jar;C:\Users\laihn\.m2\repository\com\fasterxml\jackson\dataformat\jackson-dataformat-csv\2.16.1\jackson-dataformat-csv-2.16.1.jar;C:\Users\laihn\.m2\repository\org\junit\jupiter\junit-jupiter-api\5.9.3\junit-jupiter-api-5.9.3.jar;C:\Users\laihn\.m2\repository\org\opentest4j\opentest4j\1.2.0\opentest4j-1.2.0.jar;C:\Users\laihn\.m2\repository\org\junit\platform\junit-platform-commons\1.9.3\junit-platform-commons-1.9.3.jar;C:\Users\laihn\.m2\repository\org\apiguardian\apiguardian-api\1.1.2\apiguardian-api-1.1.2.jar;C:\Users\laihn\.m2\repository\org\junit\jupiter\junit-jupiter-engine\5.9.3\junit-jupiter-engine-5.9.3.jar;C:\Users\laihn\.m2\repository\org\junit\platform\junit-platform-engine\1.9.3\junit-platform-engine-1.9.3.jar;C:\Users\laihn\.m2\repository\org\assertj\assertj-core\3.26.0\assertj-core-3.26.0.jar;C:\Users\laihn\.m2\repository\net\bytebuddy\byte-buddy\1.14.16\byte-buddy-1.14.16.jar;C:\Users\laihn\.m2\repository\com\fasterxml\jackson\core\jackson-core\2.15.0\jackson-core-2.15.0.jar;C:\Users\laihn\.m2\repository\com\fasterxml\jackson\dataformat\jackson-dataformat-smile\2.15.0\jackson-dataformat-smile-2.15.0.jar;C:\Users\laihn\.m2\repository\org\projectlombok\lombok\1.18.34\lombok-1.18.34.jar;C:\Users\laihn\.m2\repository\com\azure\azure-ai-translation-text\1.0.0-beta.1\azure-ai-translation-text-1.0.0-beta.1.jar;C:\Users\laihn\.m2\repository\com\azure\azure-core-experimental\1.0.0-beta.38\azure-core-experimental-1.0.0-beta.38.jar;C:\Users\laihn\.m2\repository\com\azure\azure-core-http-netty\1.13.2\azure-core-http-netty-1.13.2.jar;C:\Users\laihn\.m2\repository\io\netty\netty-handler\4.1.89.Final\netty-handler-4.1.89.Final.jar;C:\Users\laihn\.m2\repository\io\netty\netty-common\4.1.89.Final\netty-common-4.1.89.Final.jar;C:\Users\laihn\.m2\repository\io\netty\netty-resolver\4.1.89.Final\netty-resolver-4.1.89.Final.jar;C:\Users\laihn\.m2\repository\io\netty\netty-transport\4.1.89.Final\netty-transport-4.1.89.Final.jar;C:\Users\laihn\.m2\repository\io\netty\netty-handler-proxy\4.1.89.Final\netty-handler-proxy-4.1.89.Final.jar;C:\Users\laihn\.m2\repository\io\netty\netty-codec-socks\4.1.89.Final\netty-codec-socks-4.1.89.Final.jar;C:\Users\laihn\.m2\repository\io\netty\netty-buffer\4.1.89.Final\netty-buffer-4.1.89.Final.jar;C:\Users\laihn\.m2\repository\io\netty\netty-codec\4.1.89.Final\netty-codec-4.1.89.Final.jar;C:\Users\laihn\.m2\repository\io\netty\netty-codec-http\4.1.89.Final\netty-codec-http-4.1.89.Final.jar;C:\Users\laihn\.m2\repository\io\netty\netty-codec-http2\4.1.89.Final\netty-codec-http2-4.1.89.Final.jar;C:\Users\laihn\.m2\repository\io\netty\netty-transport-native-unix-common\4.1.89.Final\netty-transport-native-unix-common-4.1.89.Final.jar;C:\Users\laihn\.m2\repository\io\netty\netty-transport-native-epoll\4.1.89.Final\netty-transport-native-epoll-4.1.89.Final-linux-x86_64.jar;C:\Users\laihn\.m2\repository\io\netty\netty-transport-classes-epoll\4.1.89.Final\netty-transport-classes-epoll-4.1.89.Final.jar;C:\Users\laihn\.m2\repository\io\netty\netty-transport-native-kqueue\4.1.89.Final\netty-transport-native-kqueue-4.1.89.Final-osx-x86_64.jar;C:\Users\laihn\.m2\repository\io\netty\netty-transport-classes-kqueue\4.1.89.Final\netty-transport-classes-kqueue-4.1.89.Final.jar;C:\Users\laihn\.m2\repository\io\netty\netty-tcnative-boringssl-static\2.0.56.Final\netty-tcnative-boringssl-static-2.0.56.Final.jar;C:\Users\laihn\.m2\repository\io\netty\netty-tcnative-classes\2.0.56.Final\netty-tcnative-classes-2.0.56.Final.jar;C:\Users\laihn\.m2\repository\io\netty\netty-tcnative-boringssl-static\2.0.56.Final\netty-tcnative-boringssl-static-2.0.56.Final-linux-x86_64.jar;C:\Users\laihn\.m2\repository\io\netty\netty-tcnative-boringssl-static\2.0.56.Final\netty-tcnative-boringssl-static-2.0.56.Final-linux-aarch_64.jar;C:\Users\laihn\.m2\repository\io\netty\netty-tcnative-boringssl-static\2.0.56.Final\netty-tcnative-boringssl-static-2.0.56.Final-osx-x86_64.jar;C:\Users\laihn\.m2\repository\io\netty\netty-tcnative-boringssl-static\2.0.56.Final\netty-tcnative-boringssl-static-2.0.56.Final-osx-aarch_64.jar;C:\Users\laihn\.m2\repository\io\netty\netty-tcnative-boringssl-static\2.0.56.Final\netty-tcnative-boringssl-static-2.0.56.Final-windows-x86_64.jar;C:\Users\laihn\.m2\repository\io\projectreactor\netty\reactor-netty-http\1.0.28\reactor-netty-http-1.0.28.jar;C:\Users\laihn\.m2\repository\io\netty\netty-resolver-dns\4.1.89.Final\netty-resolver-dns-4.1.89.Final.jar;C:\Users\laihn\.m2\repository\io\netty\netty-codec-dns\4.1.89.Final\netty-codec-dns-4.1.89.Final.jar;C:\Users\laihn\.m2\repository\io\netty\netty-resolver-dns-native-macos\4.1.89.Final\netty-resolver-dns-native-macos-4.1.89.Final-osx-x86_64.jar;C:\Users\laihn\.m2\repository\io\netty\netty-resolver-dns-classes-macos\4.1.89.Final\netty-resolver-dns-classes-macos-4.1.89.Final.jar;C:\Users\laihn\.m2\repository\io\projectreactor\netty\reactor-netty-core\1.0.28\reactor-netty-core-1.0.28.jar;"/>
    <property name="sun.cpu.endian" value="little"/>
    <property name="user.home" value="C:\Users\laihn"/>
    <property name="user.language" value="en"/>
    <property name="java.specification.vendor" value="Oracle Corporation"/>
    <property name="java.version.date" value="2024-07-16"/>
    <property name="java.home" value="C:\Program Files\Java\jdk-22"/>
    <property name="file.separator" value="\"/>
    <property name="basedir" value="C:\Users\laihn\IdeaProjects\azsdk-java-rewrite-recipes-fork\rewrite-java-core"/>
    <property name="java.vm.compressedOopsMode" value="32-bit"/>
    <property name="line.separator" value="&#10;"/>
    <property name="java.vm.specification.vendor" value="Oracle Corporation"/>
    <property name="java.specification.name" value="Java Platform API Specification"/>
    <property name="surefire.real.class.path" value="C:\Users\laihn\AppData\Local\Temp\surefire7547367440243861677\surefirebooter-20241019123351479_3.jar"/>
    <property name="user.script" value=""/>
    <property name="sun.management.compiler" value="HotSpot 64-Bit Tiered Compilers"/>
    <property name="java.runtime.version" value="22.0.2+9-70"/>
    <property name="user.name" value="laihn"/>
    <property name="stdout.encoding" value="Cp1252"/>
    <property name="path.separator" value=";"/>
    <property name="os.version" value="10.0"/>
    <property name="java.runtime.name" value="Java(TM) SE Runtime Environment"/>
    <property name="file.encoding" value="UTF-8"/>
    <property name="java.vm.name" value="Java HotSpot(TM) 64-Bit Server VM"/>
    <property name="localRepository" value="C:\Users\laihn\.m2\repository"/>
    <property name="java.vendor.url.bug" value="https://bugreport.java.com/bugreport/"/>
    <property name="java.io.tmpdir" value="C:\Users\laihn\AppData\Local\Temp\"/>
    <property name="java.version" value="22.0.2"/>
    <property name="user.dir" value="C:\Users\laihn\IdeaProjects\azsdk-java-rewrite-recipes-fork\rewrite-java-core"/>
    <property name="os.arch" value="amd64"/>
    <property name="java.vm.specification.name" value="Java Virtual Machine Specification"/>
    <property name="sun.os.patch.level" value=""/>
    <property name="native.encoding" value="Cp1252"/>
    <property name="java.library.path" value="C:\Program Files\Java\jdk-22\bin;C:\WINDOWS\Sun\Java\bin;C:\WINDOWS\system32;C:\WINDOWS;C:\Program Files\Eclipse Adoptium\jdk-21.0.4.7-hotspot\bin;C:\Program Files (x86)\Common Files\Oracle\Java\javapath;C:\WINDOWS\system32;C:\WINDOWS;C:\WINDOWS\System32\Wbem;C:\WINDOWS\System32\WindowsPowerShell\v1.0\;C:\WINDOWS\System32\OpenSSH\;C:\Program Files\Intel\WiFi\bin\;C:\Program Files\Common Files\Intel\WirelessCommon\;C:\Program Files (x86)\Common Files\Adobe\AGL;C:\Program Files (x86)\Windows Live\Shared;C:\Program Files\dotnet\;C:\Program Files (x86)\QuickTime\QTSystem\;C:\Users\laihn\apache-maven-3.9.3\bin;C:\Users\laihn\AppData\Local\Programs\Microsoft VS Code\bin;C:\Program Files\Java\jdk-22\bin;C:\Program Files\Microsoft SQL Server\150\Tools\Binn\;C:\Program Files\Microsoft SQL Server\Client SDK\ODBC\170\Tools\Binn\;C:\Program Files\Docker\Docker\resources\bin;C:\Program Files\Git\cmd;C:\Users\laihn\AppData\Local\Android\Sdk\platform-tools\;C:\gcc\bin;&quot;C:\Users\laihn\AppData\Local\Android\Sdk\platform-tools\adb.exe&quot;;C:\Users\laihn\AppData\Local\Programs\Microsoft VS Code\bin;."/>
    <property name="java.vm.info" value="mixed mode, sharing"/>
    <property name="stderr.encoding" value="Cp1252"/>
    <property name="java.vendor" value="Oracle Corporation"/>
    <property name="java.vm.version" value="22.0.2+9-70"/>
    <property name="sun.io.unicode.encoding" value="UnicodeLittle"/>
    <property name="java.class.version" value="66.0"/>
  </properties>
  <testcase name="testHeaderNameImportChanged" classname="com.azure.recipes.core.v2.HttpHeaderNameTest" time="0.463"/>
  <testcase name="testHeaderNameTypeChanged" classname="com.azure.recipes.core.v2.HttpHeaderNameTest" time="0.541"/>
</testsuite>